2022-08-26T00:35:30.1795898 401 : [no body]
2022-08-26T01:58:49.4088456 404 : [{"timestamp":"2022-08-26T08:58:49.394+00:00","status":404,"error":"Not Found","message":"No message available","path":"/tenmo/request"}]
2022-08-26T02:00:57.2882126 401 : [no body]
2022-08-26T02:07:37.428714 404 : [{"timestamp":"2022-08-26T09:07:37.413+00:00","status":404,"error":"Not Found","message":"No message available","path":"/tenmo/request"}]
2022-08-26T02:27:37.8852161 404 : [{"timestamp":"2022-08-26T09:27:37.872+00:00","status":404,"error":"Not Found","message":"No message available","path":"/tenmo/request"}]
2022-08-26T02:38:17.696101 404 : [{"timestamp":"2022-08-26T09:37:31.287+00:00","status":404,"error":"Not Found","message":"No message available","path":"/tenmo/request"}]
2022-08-26T02:40:21.1880572 404 : [{"timestamp":"2022-08-26T09:40:21.174+00:00","status":404,"error":"Not Found","message":"No message available","path":"/tenmo/request"}]
2022-08-26T02:56:07.7073606 404 : [{"timestamp":"2022-08-26T09:56:07.689+00:00","status":404,"error":"Not Found","message":"No message available","path":"/tenmo/request"}]
2022-08-26T03:03:40.6113002 404 : [{"timestamp":"2022-08-26T10:03:40.598+00:00","status":404,"error":"Not Found","message":"No message available","path":"/tenmo/request"}]
2022-08-26T03:58:29.1225665 I/O error on GET request for "http://localhost:8080/tenmo/account/2001": Connection refused: connect; nested exception is java.net.ConnectException: Connection refused: connect
2022-08-26T06:11:48.1889995 404 : [{"timestamp":"2022-08-26T13:11:48.169+00:00","status":404,"error":"Not Found","message":"No message available","path":"/tenmo/pending/1002"}]
2022-08-26T06:13:09.6423353 404 : [{"timestamp":"2022-08-26T13:13:09.627+00:00","status":404,"error":"Not Found","message":"No message available","path":"/tenmo/pending/1002"}]
2022-08-26T06:13:33.3627625 404 : [{"timestamp":"2022-08-26T13:13:33.360+00:00","status":404,"error":"Not Found","message":"No message available","path":"/tenmo/pending/1002"}]
2022-08-26T06:18:49.9292968 401 : [no body]
2022-08-26T06:18:55.9449953 404 : [{"timestamp":"2022-08-26T13:18:55.937+00:00","status":404,"error":"Not Found","message":"No message available","path":"/tenmo/pending/1002"}]
2022-08-26T06:19:25.5598511 404 : [{"timestamp":"2022-08-26T13:19:25.538+00:00","status":404,"error":"Not Found","message":"No message available","path":"/tenmo/pending/1003"}]
2022-08-26T06:23:44.8113971 404 : [{"timestamp":"2022-08-26T13:23:44.793+00:00","status":404,"error":"Not Found","message":"No message available","path":"/tenmo/pending/1003"}]
2022-08-26T06:27:55.696993 404 : [{"timestamp":"2022-08-26T13:27:55.682+00:00","status":404,"error":"Not Found","message":"No message available","path":"/tenmo/pending/2003"}]
2022-08-26T06:33:12.7769362 404 : [{"timestamp":"2022-08-26T13:33:12.731+00:00","status":404,"error":"Not Found","message":"No message available","path":"/tenmo/pending/2003"}]
2022-08-26T06:44:57.607192 404 : [{"timestamp":"2022-08-26T13:44:57.593+00:00","status":404,"error":"Not Found","message":"No message available","path":"/tenmo/pending/2003"}]
2022-08-26T07:25:29.4221336 404 : [{"timestamp":"2022-08-26T14:25:29.408+00:00","status":404,"error":"Not Found","message":"No message available","path":"/tenmo/pending/2003"}]
2022-08-26T07:29:32.3583734 500 : [{"timestamp":"2022-08-26T14:29:32.306+00:00","status":500,"error":"Internal Server Error","message":"Invalid column name; nested exception is java.sql.SQLException: Invalid column name","path":"/tenmo/pending/2003"}]
2022-08-26T07:34:16.4733088 500 : [{"timestamp":"2022-08-26T14:34:16.460+00:00","status":500,"error":"Internal Server Error","message":"Invalid column name; nested exception is java.sql.SQLException: Invalid column name","path":"/tenmo/pending/2003"}]
2022-08-26T07:53:21.4313041 500 : [{"timestamp":"2022-08-26T14:53:21.413+00:00","status":500,"error":"Internal Server Error","message":"Invalid column name; nested exception is java.sql.SQLException: Invalid column name","path":"/tenmo/pending/2003"}]
2022-08-26T07:57:06.6807331 500 : [{"timestamp":"2022-08-26T14:57:06.664+00:00","status":500,"error":"Internal Server Error","message":"Invalid column name; nested exception is java.sql.SQLException: Invalid column name","path":"/tenmo/pending/2003"}]
2022-08-26T07:58:43.2361889 500 : [{"timestamp":"2022-08-26T14:58:43.226+00:00","status":500,"error":"Internal Server Error","message":"Invalid column name; nested exception is java.sql.SQLException: Invalid column name","path":"/tenmo/pending/2001"}]
2022-08-26T08:03:40.532944 500 : [{"timestamp":"2022-08-26T15:03:40.515+00:00","status":500,"error":"Internal Server Error","message":"Invalid column name; nested exception is java.sql.SQLException: Invalid column name","path":"/tenmo/pending/2003"}]
2022-08-26T08:05:42.3642461 500 : [{"timestamp":"2022-08-26T15:05:42.348+00:00","status":500,"error":"Internal Server Error","message":"Invalid column name; nested exception is java.sql.SQLException: Invalid column name","path":"/tenmo/pending/2003"}]
2022-08-26T08:06:11.7667276 500 : [{"timestamp":"2022-08-26T15:06:11.752+00:00","status":500,"error":"Internal Server Error","message":"Invalid column name; nested exception is java.sql.SQLException: Invalid column name","path":"/tenmo/pending/2001"}]
2022-08-26T08:25:44.5479689 404 : [{"timestamp":"2022-08-26T15:25:44.530+00:00","status":404,"error":"Not Found","message":"No message available","path":"/tenmo/transfers/pending/2002"}]
2022-08-26T08:26:03.9814831 404 : [{"timestamp":"2022-08-26T15:26:03.969+00:00","status":404,"error":"Not Found","message":"No message available","path":"/tenmo/transfers/pending/2001"}]
2022-08-26T08:48:53.7691259 404 : [{"timestamp":"2022-08-26T15:48:53.755+00:00","status":404,"error":"Not Found","message":"No message available","path":"/tenmo/transfer/2002"}]
2022-08-26T09:13:29.8017774 500 : [{"timestamp":"2022-08-26T16:13:29.781+00:00","status":500,"error":"Internal Server Error","message":"Invalid column name; nested exception is java.sql.SQLException: Invalid column name","path":"/tenmo/pending/2001"}]
